C51 COMPILER V9.54   MAIN                                                                  10/09/2022 10:44:15 PAGE 1   


C51 COMPILER V9.54, COMPILATION OF MODULE MAIN
OBJECT MODULE PLACED IN .\Objects\main.obj
COMPILER INVOKED BY: E:\keil5\C51\BIN\C51.EXE main.c OPTIMIZE(8,SPEED) BROWSE DEBUG OBJECTEXTEND PRINT(.\Listings\main.l
                    -st) TABS(2) OBJECT(.\Objects\main.obj)

line level    source

   1          #include <REGX52.H>
   2          #include "LCD1602.H"
   3          #include "Delay.H"
   4          int Result=0;
   5          
   6          void main()
   7          {
   8   1        LCD_Init();
   9   1      //  LCD_ShowChar(1,1,'A');
  10   1      //  LCD_ShowString(1,3,"Hello");
  11   1      //  LCD_ShowNum(1,9,123,3);
  12   1      //  LCD_ShowSignedNum(1,13,-66,2);
  13   1      //  LCD_ShowHexNum(2,1,0xA8,2);
  14   1      //  LCD_ShowBinNum(2,4,0xAA,8)
  15   1        
  16   1        while(1)   
  17   1        {
  18   2        Result++;
  19   2        Delay(1000);
  20   2        LCD_ShowNum(1,1,Result,3);
  21   2        }
  22   1      }


MODULE INFORMATION:   STATIC OVERLAYABLE
   CODE SIZE        =     34    ----
   CONSTANT SIZE    =   ----    ----
   XDATA SIZE       =   ----    ----
   PDATA SIZE       =   ----    ----
   DATA SIZE        =      2    ----
   IDATA SIZE       =   ----    ----
   BIT SIZE         =   ----    ----
END OF MODULE INFORMATION.


C51 COMPILATION COMPLETE.  0 WARNING(S),  0 ERROR(S)
